Using pre-set license
Built from '2021.3/staging' branch; Version is '2021.3.11f1 (0a5ca18544bf) revision 679073'; Using compiler version '192829333'; Build Type 'Release'
OS: 'Windows 10  (10.0.19044) 64bit Core' Language: 'ja' Physical Memory: 7828 MB
BatchMode: 1, IsHumanControllingUs: 0, StartBugReporterOnCrash: 0, Is64bit: 1, IsPro: 1

COMMAND LINE ARGUMENTS:
C:\Program Files\Unity\Hub\Editor\2021.3.11f1\Editor\Unity.exe
-adb2
-batchMode
-noUpm
-name
AssetImportWorker0
-projectPath
C:/Users/rokku/Dropbox/PC/Desktop/Unity 装飾/sousyoku
-logFile
Logs/AssetImportWorker0.log
-srvPort
51245
Successfully changed project path to: C:/Users/rokku/Dropbox/PC/Desktop/Unity 装飾/sousyoku
C:/Users/rokku/Dropbox/PC/Desktop/Unity 装飾/sousyoku
[UnityMemory] Configuration Parameters - Can be set up in boot.config
    "memorysetup-bucket-allocator-granularity=16"
    "memorysetup-bucket-allocator-bucket-count=8"
    "memorysetup-bucket-allocator-block-size=33554432"
    "memorysetup-bucket-allocator-block-count=8"
    "memorysetup-main-allocator-block-size=16777216"
    "memorysetup-thread-allocator-block-size=16777216"
    "memorysetup-gfx-main-allocator-block-size=16777216"
    "memorysetup-gfx-thread-allocator-block-size=16777216"
    "memorysetup-cache-allocator-block-size=4194304"
    "memorysetup-typetree-allocator-block-size=2097152"
    "memorysetup-profiler-bucket-allocator-granularity=16"
    "memorysetup-profiler-bucket-allocator-bucket-count=8"
    "memorysetup-profiler-bucket-allocator-block-size=33554432"
    "memorysetup-profiler-bucket-allocator-block-count=8"
    "memorysetup-profiler-allocator-block-size=16777216"
    "memorysetup-profiler-editor-allocator-block-size=1048576"
    "memorysetup-temp-allocator-size-main=16777216"
    "memorysetup-job-temp-allocator-block-size=2097152"
    "memorysetup-job-temp-allocator-block-size-background=1048576"
    "memorysetup-job-temp-allocator-reduction-small-platforms=262144"
    "memorysetup-temp-allocator-size-background-worker=32768"
    "memorysetup-temp-allocator-size-job-worker=262144"
    "memorysetup-temp-allocator-size-preload-manager=33554432"
    "memorysetup-temp-allocator-size-nav-mesh-worker=65536"
    "memorysetup-temp-allocator-size-audio-worker=65536"
    "memorysetup-temp-allocator-size-cloud-worker=32768"
    "memorysetup-temp-allocator-size-gi-baking-worker=262144"
    "memorysetup-temp-allocator-size-gfx=262144"
Refreshing native plugins compatible for Editor in 307.02 ms, found 3 plugins.
Preloading 0 native plugins for Editor in 0.00 ms.
Initialize engine version: 2021.3.11f1 (0a5ca18544bf)
[Subsystems] Discovering subsystems at path C:/Program Files/Unity/Hub/Editor/2021.3.11f1/Editor/Data/Resources/UnitySubsystems
[Subsystems] Discovering subsystems at path C:/Users/rokku/Dropbox/PC/Desktop/Unity 装飾/sousyoku/Assets
GfxDevice: creating device client; threaded=0; jobified=0
Direct3D:
    Version:  Direct3D 11.0 [level 11.1]
    Renderer: Intel(R) Iris(R) Xe Graphics (ID=0x9a49)
    Vendor:   Intel
    VRAM:     3914 MB
    Driver:   31.0.101.3301
Initialize mono
Mono path[0] = 'C:/Program Files/Unity/Hub/Editor/2021.3.11f1/Editor/Data/Managed'
Mono path[1] = 'C:/Program Files/Unity/Hub/Editor/2021.3.11f1/Editor/Data/MonoBleedingEdge/lib/mono/unityjit-win32'
Mono config path = 'C:/Program Files/Unity/Hub/Editor/2021.3.11f1/Editor/Data/MonoBleedingEdge/etc'
Using monoOptions --debugger-agent=transport=dt_socket,embedding=1,server=y,suspend=n,address=127.0.0.1:56564
Begin MonoManager ReloadAssembly
Registering precompiled unity dll's ...
Register platform support module: C:/Program Files/Unity/Hub/Editor/2021.3.11f1/Editor/Data/PlaybackEngines/AndroidPlayer/UnityEditor.Android.Extensions.dll
Register platform support module: C:/Program Files/Unity/Hub/Editor/2021.3.11f1/Editor/Data/PlaybackEngines/WindowsStandaloneSupport/UnityEditor.WindowsStandalone.Extensions.dll
Registered in 0.030246 seconds.
Native extension for WindowsStandalone target not found
Native extension for Android target not found
Refreshing native plugins compatible for Editor in 307.83 ms, found 3 plugins.
Preloading 0 native plugins for Editor in 0.00 ms.
Mono: successfully reloaded assembly
- Completed reload, in  2.441 seconds
Domain Reload Profiling:
	ReloadAssembly (2442ms)
		BeginReloadAssembly (356ms)
			ExecutionOrderSort (0ms)
			DisableScriptedObjects (0ms)
			BackupInstance (0ms)
			ReleaseScriptingObjects (0ms)
			CreateAndSetChildDomain (2ms)
		EndReloadAssembly (1694ms)
			LoadAssemblies (349ms)
			RebuildTransferFunctionScriptingTraits (0ms)
			SetupTypeCache (421ms)
			ReleaseScriptCaches (0ms)
			RebuildScriptCaches (104ms)
			SetupLoadedEditorAssemblies (978ms)
				LogAssemblyErrors (0ms)
				InitializePlatformSupportModulesInManaged (132ms)
				SetLoadedEditorAssemblies (1ms)
				RefreshPlugins (308ms)
				BeforeProcessingInitializeOnLoad (4ms)
				ProcessInitializeOnLoadAttributes (343ms)
				ProcessInitializeOnLoadMethodAttributes (190ms)
				AfterProcessingInitializeOnLoad (0ms)
				EditorAssembliesLoaded (0ms)
			ExecutionOrderSort2 (0ms)
			AwakeInstancesAfterBackupRestoration (0ms)
Platform modules already initialized, skipping
Registering precompiled user dll's ...
Registered in 0.019541 seconds.
Begin MonoManager ReloadAssembly
Symbol file LoadedFromMemory doesn't match image C:\Users\rokku\Dropbox\PC\Desktop\Unity 装飾\sousyoku\Library\PackageCache\com.unity.visualscripting@1.7.8\Editor\VisualScripting.Core\Dependencies\YamlDotNet\Unity.VisualScripting.YamlDotNet.dll
Symbol file LoadedFromMemory doesn't match image C:\Users\rokku\Dropbox\PC\Desktop\Unity 装飾\sousyoku\Library\PackageCache\com.unity.visualscripting@1.7.8\Editor\VisualScripting.Core\Dependencies\DotNetZip\Unity.VisualScripting.IonicZip.dll
Native extension for WindowsStandalone target not found
Native extension for Android target not found
Refreshing native plugins compatible for Editor in 1.29 ms, found 3 plugins.
Preloading 0 native plugins for Editor in 0.00 ms.
Mono: successfully reloaded assembly
- Completed reload, in  3.892 seconds
Domain Reload Profiling:
	ReloadAssembly (3895ms)
		BeginReloadAssembly (366ms)
			ExecutionOrderSort (0ms)
			DisableScriptedObjects (25ms)
			BackupInstance (0ms)
			ReleaseScriptingObjects (0ms)
			CreateAndSetChildDomain (51ms)
		EndReloadAssembly (3082ms)
			LoadAssemblies (391ms)
			RebuildTransferFunctionScriptingTraits (0ms)
			SetupTypeCache (965ms)
			ReleaseScriptCaches (1ms)
			RebuildScriptCaches (159ms)
			SetupLoadedEditorAssemblies (1412ms)
				LogAssemblyErrors (0ms)
				InitializePlatformSupportModulesInManaged (43ms)
				SetLoadedEditorAssemblies (1ms)
				RefreshPlugins (1ms)
				BeforeProcessingInitializeOnLoad (317ms)
				ProcessInitializeOnLoadAttributes (903ms)
				ProcessInitializeOnLoadMethodAttributes (117ms)
				AfterProcessingInitializeOnLoad (29ms)
				EditorAssembliesLoaded (1ms)
			ExecutionOrderSort2 (0ms)
			AwakeInstancesAfterBackupRestoration (25ms)
Platform modules already initialized, skipping
========================================================================
Worker process is ready to serve import requests
Launched and connected shader compiler UnityShaderCompiler.exe after 0.18 seconds
Refreshing native plugins compatible for Editor in 1.33 ms, found 3 plugins.
Preloading 0 native plugins for Editor in 0.00 ms.
Unloading 3380 Unused Serialized files (Serialized files now loaded: 0)
Unloading 27 unused Assets / (113.5 KB). Loaded Objects now: 3839.
Memory consumption went from 116.2 MB to 116.1 MB.
Total: 10.013300 ms (FindLiveObjects: 0.650200 ms CreateObjectMapping: 0.359500 ms MarkObjects: 8.801900 ms  DeleteObjects: 0.200000 ms)

AssetImportParameters requested are different than current active one (requested -> active):
  custom:video-decoder-ogg-theora: a1e56fd34408186e4bbccfd4996cb3dc -> 
  custom:container-muxer-webm: aa71ff27fc2769a1b78a27578f13a17b -> 
  custom:container-demuxer-webm: 4f35f7cbe854078d1ac9338744f61a02 -> 
  custom:video-encoder-webm-vp8: eb34c28f22e8b96e1ab97ce403110664 -> 
  custom:video-codec-MediaFoundation-h265: 746d11721c4dcdbdad8f713fa42b33f4 -> 
  custom:audio-encoder-webm-vorbis: bf7c407c2cedff20999df2af8eb42d56 -> 
  custom:framework-win-MediaFoundation: 216162199b28c13a410421893ffa2e32 -> 
  custom:container-demuxer-ogg: 62fdf1f143b41e24485cea50d1cbac27 -> 
  custom:video-decoder-webm-vp8: 9c59270c3fd7afecdb556c50c9e8de78 -> 
  custom:audio-decoder-ogg-vorbis: bf7c407c2cedff20999df2af8eb42d56 -> 
========================================================================
Received Import Request.
  Time since last request: 778239.920041 seconds.
  path: Assets/accessory_001/Roughness.png
  artifactKey: Guid(07930f402d4ef134c899e57db83bc116) Importer(815301076,1909f56bfc062723c751e8b465ee728b)
Start importing Assets/accessory_001/Roughness.png using Guid(07930f402d4ef134c899e57db83bc116) Importer(815301076,1909f56bfc062723c751e8b465ee728b)  -> (artifact id: '1ddb94d1d2458662b849cacf13bd0dc7') in 0.437754 seconds 
========================================================================
Received Import Request.
  Time since last request: 0.000060 seconds.
  path: Assets/accessory_001/Texture.png
  artifactKey: Guid(6f39099689c999a4c93a39350b347ba0) Importer(815301076,1909f56bfc062723c751e8b465ee728b)
Start importing Assets/accessory_001/Texture.png using Guid(6f39099689c999a4c93a39350b347ba0) Importer(815301076,1909f56bfc062723c751e8b465ee728b)  -> (artifact id: '58892190d86bc2eba507cc6fc47b4c3a') in 0.178720 seconds 
========================================================================
Received Import Request.
  Time since last request: 0.000042 seconds.
  path: Assets/accessory_001
  artifactKey: Guid(70681a099854826488921fdb705af255) Importer(815301076,1909f56bfc062723c751e8b465ee728b)
Start importing Assets/accessory_001 using Guid(70681a099854826488921fdb705af255) Importer(815301076,1909f56bfc062723c751e8b465ee728b)  -> (artifact id: '9d6856b7e1c12127adaec981d84c20cb') in 0.080051 seconds 
========================================================================
Received Import Request.
  Time since last request: 338.949021 seconds.
  path: Assets/Scenes
  artifactKey: Guid(6ea315d0fd7389c41b19996891e99ae3) Importer(815301076,1909f56bfc062723c751e8b465ee728b)
Start importing Assets/Scenes using Guid(6ea315d0fd7389c41b19996891e99ae3) Importer(815301076,1909f56bfc062723c751e8b465ee728b)  -> (artifact id: 'b8193726cff86800c54781cdc6d54904') in 0.005033 seconds 
========================================================================
Received Import Request.
  Time since last request: 1.023742 seconds.
  path: Assets/Scenes/SampleScene.unity
  artifactKey: Guid(9fc0d4010bbf28b4594072e72b8655ab) Importer(815301076,1909f56bfc062723c751e8b465ee728b)
Start importing Assets/Scenes/SampleScene.unity using Guid(9fc0d4010bbf28b4594072e72b8655ab) Importer(815301076,1909f56bfc062723c751e8b465ee728b)  -> (artifact id: 'e55ccaa32d8e5c1de03c07a5412c8c3c') in 0.004573 seconds 
========================================================================
Received Import Request.
  Time since last request: 1.371167 seconds.
  path: Assets/concrete1-1K/concrete1_BaseColor.png
  artifactKey: Guid(96c205973cde7d54cbdb45fba26a8a07) Importer(815301076,1909f56bfc062723c751e8b465ee728b)
Start importing Assets/concrete1-1K/concrete1_BaseColor.png using Guid(96c205973cde7d54cbdb45fba26a8a07) Importer(815301076,1909f56bfc062723c751e8b465ee728b)  -> (artifact id: '09ba65a38fbe7921f1327bc55760c5b2') in 0.100233 seconds 
========================================================================
Received Import Request.
  Time since last request: 0.000062 seconds.
  path: Assets/concrete1-1K/concrete1_Roughness.png
  artifactKey: Guid(1da6d5765ca687f48b510ddb82d5da05) Importer(815301076,1909f56bfc062723c751e8b465ee728b)
Start importing Assets/concrete1-1K/concrete1_Roughness.png using Guid(1da6d5765ca687f48b510ddb82d5da05) Importer(815301076,1909f56bfc062723c751e8b465ee728b)  -> (artifact id: '4a3f5679dacb9bf969a72ddd2ebfede6') in 0.081231 seconds 
========================================================================
Received Import Request.
  Time since last request: 274.318767 seconds.
  path: Assets/歯磨き粉
  artifactKey: Guid(692a72ab881aa874f8c62a4b2f0a95dd) Importer(815301076,1909f56bfc062723c751e8b465ee728b)
Start importing Assets/歯磨き粉 using Guid(692a72ab881aa874f8c62a4b2f0a95dd) Importer(815301076,1909f56bfc062723c751e8b465ee728b)  -> (artifact id: 'b072cbd592d9df39f7e9a026e18dea2a') in 0.028087 seconds 
========================================================================
Received Import Request.
  Time since last request: 0.000092 seconds.
  path: Assets/歯磨き粉/2-1.png
  artifactKey: Guid(e3746d1c5a3613147b3c059d12c7f63a) Importer(815301076,1909f56bfc062723c751e8b465ee728b)
Start importing Assets/歯磨き粉/2-1.png using Guid(e3746d1c5a3613147b3c059d12c7f63a) Importer(815301076,1909f56bfc062723c751e8b465ee728b)  -> (artifact id: '1285dc2cffef5d3744d355efe40bf8a9') in 0.059872 seconds 
========================================================================
Received Import Request.
  Time since last request: 0.000053 seconds.
  path: Assets/歯磨き粉/1-2.png
  artifactKey: Guid(f7265e36784d4bf41a625caf5b776605) Importer(815301076,1909f56bfc062723c751e8b465ee728b)
Start importing Assets/歯磨き粉/1-2.png using Guid(f7265e36784d4bf41a625caf5b776605) Importer(815301076,1909f56bfc062723c751e8b465ee728b)  -> (artifact id: 'afd5177d0fca7ce6a23e5d42489fbbb8') in 0.071639 seconds 
========================================================================
Received Import Request.
  Time since last request: 0.000218 seconds.
  path: Assets/歯磨き粉/4-1.png
  artifactKey: Guid(5879ca2c9dd15e34d90fa510d6474dc7) Importer(815301076,1909f56bfc062723c751e8b465ee728b)
Start importing Assets/歯磨き粉/4-1.png using Guid(5879ca2c9dd15e34d90fa510d6474dc7) Importer(815301076,1909f56bfc062723c751e8b465ee728b)  -> (artifact id: 'b27c59c9d5458e458e8ac9f173c01d8a') in 0.083177 seconds 
========================================================================
Received Import Request.
  Time since last request: 0.000094 seconds.
  path: Assets/歯磨き粉/0-1.png
  artifactKey: Guid(1629d04ea75b80f428863afe2cf60d91) Importer(815301076,1909f56bfc062723c751e8b465ee728b)
Start importing Assets/歯磨き粉/0-1.png using Guid(1629d04ea75b80f428863afe2cf60d91) Importer(815301076,1909f56bfc062723c751e8b465ee728b)  -> (artifact id: '4fcb58e8733195d8c35111b299dd89b9') in 0.071135 seconds 
========================================================================
Received Import Request.
  Time since last request: 0.000058 seconds.
  path: Assets/歯磨き粉/3-1.png
  artifactKey: Guid(0636558f443ebf04a9fa0fcdbb264a09) Importer(815301076,1909f56bfc062723c751e8b465ee728b)
Start importing Assets/歯磨き粉/3-1.png using Guid(0636558f443ebf04a9fa0fcdbb264a09) Importer(815301076,1909f56bfc062723c751e8b465ee728b)  -> (artifact id: 'ee8e482bb680820528fc96baee13e0e9') in 0.167094 seconds 
========================================================================
Received Import Request.
  Time since last request: 0.000178 seconds.
  path: Assets/歯磨き粉/2-2.png
  artifactKey: Guid(fb0810d368709f04fbfb33625f92a58b) Importer(815301076,1909f56bfc062723c751e8b465ee728b)
Start importing Assets/歯磨き粉/2-2.png using Guid(fb0810d368709f04fbfb33625f92a58b) Importer(815301076,1909f56bfc062723c751e8b465ee728b)  -> (artifact id: '84d6b2278bf6d2f92751d031688c49c9') in 0.078033 seconds 
========================================================================
Received Import Request.
  Time since last request: 0.000065 seconds.
  path: Assets/歯磨き粉/0-2.png
  artifactKey: Guid(78361a4970800d34ba81c747f66ce87a) Importer(815301076,1909f56bfc062723c751e8b465ee728b)
Start importing Assets/歯磨き粉/0-2.png using Guid(78361a4970800d34ba81c747f66ce87a) Importer(815301076,1909f56bfc062723c751e8b465ee728b)  -> (artifact id: '8da11015fd8bc399fc252077a40942e3') in 0.081671 seconds 
========================================================================
Received Import Request.
  Time since last request: 0.000071 seconds.
  path: Assets/歯磨き粉/1-1.png
  artifactKey: Guid(e0e3cbf8b341e28449a0f04264988a0c) Importer(815301076,1909f56bfc062723c751e8b465ee728b)
Start importing Assets/歯磨き粉/1-1.png using Guid(e0e3cbf8b341e28449a0f04264988a0c) Importer(815301076,1909f56bfc062723c751e8b465ee728b)  -> (artifact id: '9e02622fd0b27dc83d8f0e9e4b131fb0') in 0.084063 seconds 
========================================================================
Received Import Request.
  Time since last request: 18.458551 seconds.
  path: Assets/歯磨き粉/(free) 歯磨きセット.prefab
  artifactKey: Guid(39de6e7cb6978634aabb4e5f3bd6a17c) Importer(815301076,1909f56bfc062723c751e8b465ee728b)
Start importing Assets/歯磨き粉/(free) 歯磨きセット.prefab using Guid(39de6e7cb6978634aabb4e5f3bd6a17c) Importer(815301076,1909f56bfc062723c751e8b465ee728b)  -> (artifact id: '0b79536d4bec78d2743a7896048917ad') in 0.925311 seconds 
========================================================================
Received Import Request.
  Time since last request: 31.432254 seconds.
  path: Assets/歯磨き粉/[背景使用法].txt
  artifactKey: Guid(2a71e5239b6dab4459b6469e5e8ad865) Importer(815301076,1909f56bfc062723c751e8b465ee728b)
Start importing Assets/歯磨き粉/[背景使用法].txt using Guid(2a71e5239b6dab4459b6469e5e8ad865) Importer(815301076,1909f56bfc062723c751e8b465ee728b)  -> (artifact id: 'f260aebfe933f7a5e2e71e445ee310b9') in 0.053678 seconds 
========================================================================
Received Import Request.
  Time since last request: 8.732680 seconds.
  path: Assets/歯磨き粉/(free) 歯磨きセット.prefab
  artifactKey: Guid(39de6e7cb6978634aabb4e5f3bd6a17c) Importer(815301076,1909f56bfc062723c751e8b465ee728b)
Start importing Assets/歯磨き粉/(free) 歯磨きセット.prefab using Guid(39de6e7cb6978634aabb4e5f3bd6a17c) Importer(815301076,1909f56bfc062723c751e8b465ee728b)  -> (artifact id: 'f759b07627deb233320620061aa2b487') in 0.077855 seconds 
========================================================================
Received Import Request.
  Time since last request: 30.908550 seconds.
  path: Assets/歯磨き粉/(free) 歯磨きセット.prefab
  artifactKey: Guid(39de6e7cb6978634aabb4e5f3bd6a17c) Importer(815301076,1909f56bfc062723c751e8b465ee728b)
Start importing Assets/歯磨き粉/(free) 歯磨きセット.prefab using Guid(39de6e7cb6978634aabb4e5f3bd6a17c) Importer(815301076,1909f56bfc062723c751e8b465ee728b)  -> (artifact id: 'c99f36518a9064e35fe93a2bd963ec30') in 0.205677 seconds 
