Using pre-set license
Built from '2021.3/staging' branch; Version is '2021.3.11f1 (0a5ca18544bf) revision 679073'; Using compiler version '192829333'; Build Type 'Release'
OS: 'Windows 10  (10.0.19044) 64bit Core' Language: 'ja' Physical Memory: 7828 MB
BatchMode: 1, IsHumanControllingUs: 0, StartBugReporterOnCrash: 0, Is64bit: 1, IsPro: 1

COMMAND LINE ARGUMENTS:
C:\Program Files\Unity\Hub\Editor\2021.3.11f1\Editor\Unity.exe
-adb2
-batchMode
-noUpm
-name
AssetImportWorker1
-projectPath
C:/Users/rokku/Dropbox/PC/Documents/GitHub/YumeZou/yume
-logFile
Logs/AssetImportWorker1.log
-srvPort
58854
Successfully changed project path to: C:/Users/rokku/Dropbox/PC/Documents/GitHub/YumeZou/yume
C:/Users/rokku/Dropbox/PC/Documents/GitHub/YumeZou/yume
[UnityMemory] Configuration Parameters - Can be set up in boot.config
    "memorysetup-bucket-allocator-granularity=16"
    "memorysetup-bucket-allocator-bucket-count=8"
    "memorysetup-bucket-allocator-block-size=33554432"
    "memorysetup-bucket-allocator-block-count=8"
    "memorysetup-main-allocator-block-size=16777216"
    "memorysetup-thread-allocator-block-size=16777216"
    "memorysetup-gfx-main-allocator-block-size=16777216"
    "memorysetup-gfx-thread-allocator-block-size=16777216"
    "memorysetup-cache-allocator-block-size=4194304"
    "memorysetup-typetree-allocator-block-size=2097152"
    "memorysetup-profiler-bucket-allocator-granularity=16"
    "memorysetup-profiler-bucket-allocator-bucket-count=8"
    "memorysetup-profiler-bucket-allocator-block-size=33554432"
    "memorysetup-profiler-bucket-allocator-block-count=8"
    "memorysetup-profiler-allocator-block-size=16777216"
    "memorysetup-profiler-editor-allocator-block-size=1048576"
    "memorysetup-temp-allocator-size-main=16777216"
    "memorysetup-job-temp-allocator-block-size=2097152"
    "memorysetup-job-temp-allocator-block-size-background=1048576"
    "memorysetup-job-temp-allocator-reduction-small-platforms=262144"
    "memorysetup-temp-allocator-size-background-worker=32768"
    "memorysetup-temp-allocator-size-job-worker=262144"
    "memorysetup-temp-allocator-size-preload-manager=33554432"
    "memorysetup-temp-allocator-size-nav-mesh-worker=65536"
    "memorysetup-temp-allocator-size-audio-worker=65536"
    "memorysetup-temp-allocator-size-cloud-worker=32768"
    "memorysetup-temp-allocator-size-gi-baking-worker=262144"
    "memorysetup-temp-allocator-size-gfx=262144"
Refreshing native plugins compatible for Editor in 346.63 ms, found 8 plugins.
Preloading 2 native plugins for Editor in 3.69 ms.
Initialize engine version: 2021.3.11f1 (0a5ca18544bf)
[Subsystems] Discovering subsystems at path C:/Program Files/Unity/Hub/Editor/2021.3.11f1/Editor/Data/Resources/UnitySubsystems
[Subsystems] Discovering subsystems at path C:/Users/rokku/Dropbox/PC/Documents/GitHub/YumeZou/yume/Assets
GfxDevice: creating device client; threaded=0; jobified=0
Direct3D:
    Version:  Direct3D 11.0 [level 11.1]
    Renderer: Intel(R) Iris(R) Xe Graphics (ID=0x9a49)
    Vendor:   Intel
    VRAM:     3914 MB
    Driver:   31.0.101.3301
Shader 'Oculus/OVRMRCameraFrameLit': fallback shader 'Alpha-Diffuse' not found
Initialize mono
Mono path[0] = 'C:/Program Files/Unity/Hub/Editor/2021.3.11f1/Editor/Data/Managed'
Mono path[1] = 'C:/Program Files/Unity/Hub/Editor/2021.3.11f1/Editor/Data/MonoBleedingEdge/lib/mono/unityjit-win32'
Mono config path = 'C:/Program Files/Unity/Hub/Editor/2021.3.11f1/Editor/Data/MonoBleedingEdge/etc'
Using monoOptions --debugger-agent=transport=dt_socket,embedding=1,server=y,suspend=n,address=127.0.0.1:56132
Begin MonoManager ReloadAssembly
Registering precompiled unity dll's ...
Register platform support module: C:/Program Files/Unity/Hub/Editor/2021.3.11f1/Editor/Data/PlaybackEngines/AndroidPlayer/UnityEditor.Android.Extensions.dll
Register platform support module: C:/Program Files/Unity/Hub/Editor/2021.3.11f1/Editor/Data/PlaybackEngines/WindowsStandaloneSupport/UnityEditor.WindowsStandalone.Extensions.dll
Registered in 0.031397 seconds.
Native extension for WindowsStandalone target not found
Native extension for Android target not found
Refreshing native plugins compatible for Editor in 320.08 ms, found 8 plugins.
Preloading 2 native plugins for Editor in 0.33 ms.
Mono: successfully reloaded assembly
- Completed reload, in  2.528 seconds
Domain Reload Profiling:
	ReloadAssembly (2529ms)
		BeginReloadAssembly (254ms)
			ExecutionOrderSort (0ms)
			DisableScriptedObjects (0ms)
			BackupInstance (0ms)
			ReleaseScriptingObjects (0ms)
			CreateAndSetChildDomain (2ms)
		EndReloadAssembly (1815ms)
			LoadAssemblies (250ms)
			RebuildTransferFunctionScriptingTraits (0ms)
			SetupTypeCache (448ms)
			ReleaseScriptCaches (0ms)
			RebuildScriptCaches (121ms)
			SetupLoadedEditorAssemblies (1024ms)
				LogAssemblyErrors (0ms)
				InitializePlatformSupportModulesInManaged (157ms)
				SetLoadedEditorAssemblies (1ms)
				RefreshPlugins (321ms)
				BeforeProcessingInitializeOnLoad (4ms)
				ProcessInitializeOnLoadAttributes (356ms)
				ProcessInitializeOnLoadMethodAttributes (185ms)
				AfterProcessingInitializeOnLoad (0ms)
				EditorAssembliesLoaded (0ms)
			ExecutionOrderSort2 (0ms)
			AwakeInstancesAfterBackupRestoration (0ms)
Platform modules already initialized, skipping
Registering precompiled user dll's ...
Registered in 0.018705 seconds.
Begin MonoManager ReloadAssembly
Native extension for WindowsStandalone target not found
Native extension for Android target not found
Refreshing native plugins compatible for Editor in 3.97 ms, found 8 plugins.
Preloading 2 native plugins for Editor in 0.60 ms.
Package Manager log level set to [2]
[XR] OculusXRPlugin: registering subsystems
[XR] Unable to register display lifecyle provider: [1]
[XR] Oculus Input lifecycle provider registered.
[XR] Unable to register input lifecyle provider: [1]
[XR] OVRP version 1.76.0
Mono: successfully reloaded assembly
- Completed reload, in  3.683 seconds
Domain Reload Profiling:
	ReloadAssembly (3686ms)
		BeginReloadAssembly (365ms)
			ExecutionOrderSort (0ms)
			DisableScriptedObjects (15ms)
			BackupInstance (0ms)
			ReleaseScriptingObjects (0ms)
			CreateAndSetChildDomain (57ms)
		EndReloadAssembly (2867ms)
			LoadAssemblies (334ms)
			RebuildTransferFunctionScriptingTraits (0ms)
			SetupTypeCache (826ms)
			ReleaseScriptCaches (1ms)
			RebuildScriptCaches (208ms)
			SetupLoadedEditorAssemblies (1347ms)
				LogAssemblyErrors (0ms)
				InitializePlatformSupportModulesInManaged (59ms)
				SetLoadedEditorAssemblies (2ms)
				RefreshPlugins (5ms)
				BeforeProcessingInitializeOnLoad (353ms)
				ProcessInitializeOnLoadAttributes (744ms)
				ProcessInitializeOnLoadMethodAttributes (158ms)
				AfterProcessingInitializeOnLoad (26ms)
				EditorAssembliesLoaded (1ms)
			ExecutionOrderSort2 (0ms)
			AwakeInstancesAfterBackupRestoration (23ms)
Platform modules already initialized, skipping
========================================================================
Worker process is ready to serve import requests
Shader 'Oculus/OVRMRCameraFrameLit': fallback shader 'Alpha-Diffuse' not found
Launched and connected shader compiler UnityShaderCompiler.exe after 0.16 seconds
Refreshing native plugins compatible for Editor in 3.22 ms, found 8 plugins.
Preloading 2 native plugins for Editor in 0.17 ms.
Unloading 3179 Unused Serialized files (Serialized files now loaded: 0)
Unloading 62 unused Assets / (138.0 KB). Loaded Objects now: 3633.
Memory consumption went from 145.0 MB to 144.9 MB.
Total: 10.295100 ms (FindLiveObjects: 0.697100 ms CreateObjectMapping: 0.247800 ms MarkObjects: 8.672100 ms  DeleteObjects: 0.676100 ms)

AssetImportParameters requested are different than current active one (requested -> active):
  custom:video-decoder-ogg-theora: a1e56fd34408186e4bbccfd4996cb3dc -> 
  custom:container-muxer-webm: aa71ff27fc2769a1b78a27578f13a17b -> 
  custom:container-demuxer-webm: 4f35f7cbe854078d1ac9338744f61a02 -> 
  custom:video-encoder-webm-vp8: eb34c28f22e8b96e1ab97ce403110664 -> 
  custom:video-codec-MediaFoundation-h265: 746d11721c4dcdbdad8f713fa42b33f4 -> 
  custom:audio-encoder-webm-vorbis: bf7c407c2cedff20999df2af8eb42d56 -> 
  custom:framework-win-MediaFoundation: 216162199b28c13a410421893ffa2e32 -> 
  custom:container-demuxer-ogg: 62fdf1f143b41e24485cea50d1cbac27 -> 
  custom:video-decoder-webm-vp8: 9c59270c3fd7afecdb556c50c9e8de78 -> 
  custom:audio-decoder-ogg-vorbis: bf7c407c2cedff20999df2af8eb42d56 -> 
========================================================================
Received Import Request.
  Time since last request: 505322.042234 seconds.
  path: Assets/Material/Color/Yellow.mat
  artifactKey: Guid(d85531b6b210b1449a046315bf4971bf) Importer(815301076,1909f56bfc062723c751e8b465ee728b)
Start importing Assets/Material/Color/Yellow.mat using Guid(d85531b6b210b1449a046315bf4971bf) Importer(815301076,1909f56bfc062723c751e8b465ee728b)  -> (artifact id: '888dada9b9648482c40fe2ce608cbf43') in 0.674184 seconds 
========================================================================
Received Import Request.
  Time since last request: 1.618839 seconds.
  path: Assets/Original Wood Textures/Wood Texture 06/Wood Texture 06 normal.tga
  artifactKey: Guid(1ed717576c1cf2d41aebacea538e0a8f) Importer(815301076,1909f56bfc062723c751e8b465ee728b)
Start importing Assets/Original Wood Textures/Wood Texture 06/Wood Texture 06 normal.tga using Guid(1ed717576c1cf2d41aebacea538e0a8f) Importer(815301076,1909f56bfc062723c751e8b465ee728b)  -> (artifact id: 'ad6b320d378a67644ff47f369d8639f2') in 0.168641 seconds 
========================================================================
Received Import Request.
  Time since last request: 0.000058 seconds.
  path: Assets/Original Wood Textures/Wood Texture 06/Wood Texture 06.mat
  artifactKey: Guid(7ab5419603cdd1b47bcffeff55825849) Importer(815301076,1909f56bfc062723c751e8b465ee728b)
Start importing Assets/Original Wood Textures/Wood Texture 06/Wood Texture 06.mat using Guid(7ab5419603cdd1b47bcffeff55825849) Importer(815301076,1909f56bfc062723c751e8b465ee728b)  -> (artifact id: 'b1addc282e1b4f22191385638661e1e4') in 0.610195 seconds 
========================================================================
Received Import Request.
  Time since last request: 6.283900 seconds.
  path: Assets/Original Wood Textures/Wood Texture 07/Wood Texture 07 normal.tga
  artifactKey: Guid(de1e0317bd1bd5640ad3cd2e14bc5a35) Importer(815301076,1909f56bfc062723c751e8b465ee728b)
Start importing Assets/Original Wood Textures/Wood Texture 07/Wood Texture 07 normal.tga using Guid(de1e0317bd1bd5640ad3cd2e14bc5a35) Importer(815301076,1909f56bfc062723c751e8b465ee728b)  -> (artifact id: '56c66cd8fc5bf929346fac9818b5be83') in 0.094259 seconds 
========================================================================
Received Import Request.
  Time since last request: 0.000061 seconds.
  path: Assets/Original Wood Textures/Wood Texture 07/Wood Texture 07.mat
  artifactKey: Guid(c19bbcc8fee9ce248bd8330bfee77fa1) Importer(815301076,1909f56bfc062723c751e8b465ee728b)
Start importing Assets/Original Wood Textures/Wood Texture 07/Wood Texture 07.mat using Guid(c19bbcc8fee9ce248bd8330bfee77fa1) Importer(815301076,1909f56bfc062723c751e8b465ee728b)  -> (artifact id: 'aa8c44e29ed0835ece9ba5eae3145a7b') in 0.179593 seconds 
========================================================================
Received Import Request.
  Time since last request: 167.226754 seconds.
  path: Assets/Original Wood Textures/Wood Texture 02/Wood Texture 02 normal.tga
  artifactKey: Guid(9c179042e6e0aed4784fc66ca6d63f8a) Importer(815301076,1909f56bfc062723c751e8b465ee728b)
Start importing Assets/Original Wood Textures/Wood Texture 02/Wood Texture 02 normal.tga using Guid(9c179042e6e0aed4784fc66ca6d63f8a) Importer(815301076,1909f56bfc062723c751e8b465ee728b)  -> (artifact id: '4afe6da61a934ba202719b7c3fc51aee') in 0.135449 seconds 
========================================================================
Received Import Request.
  Time since last request: 0.000047 seconds.
  path: Assets/Original Wood Textures/Wood Texture 02/Wood Texture 02.mat
  artifactKey: Guid(5eb7ee7380c58854885d9b0c36e8972f) Importer(815301076,1909f56bfc062723c751e8b465ee728b)
Start importing Assets/Original Wood Textures/Wood Texture 02/Wood Texture 02.mat using Guid(5eb7ee7380c58854885d9b0c36e8972f) Importer(815301076,1909f56bfc062723c751e8b465ee728b)  -> (artifact id: '03852b4620e1b8bb2bb7babbdf784a08') in 0.160007 seconds 
========================================================================
Received Import Request.
  Time since last request: 0.000071 seconds.
  path: Assets/Original Wood Textures/Wood Texture 01/Wood Texture 01 normal.tga
  artifactKey: Guid(396ef6a70ab84ea4b85fa6bd0765c548) Importer(815301076,1909f56bfc062723c751e8b465ee728b)
Start importing Assets/Original Wood Textures/Wood Texture 01/Wood Texture 01 normal.tga using Guid(396ef6a70ab84ea4b85fa6bd0765c548) Importer(815301076,1909f56bfc062723c751e8b465ee728b)  -> (artifact id: 'd93803aec70db0b8625976e788044388') in 0.110287 seconds 
========================================================================
Received Import Request.
  Time since last request: 11.340067 seconds.
  path: Assets/Original Wood Textures/Wood Texture 03/Wood Texture 03 normal.tga
  artifactKey: Guid(81916294af2dfe646875bdfa4fea17dd) Importer(815301076,1909f56bfc062723c751e8b465ee728b)
Start importing Assets/Original Wood Textures/Wood Texture 03/Wood Texture 03 normal.tga using Guid(81916294af2dfe646875bdfa4fea17dd) Importer(815301076,1909f56bfc062723c751e8b465ee728b)  -> (artifact id: '7172035a35b567d94c0d3d13fe70a3a5') in 0.135277 seconds 
========================================================================
Received Import Request.
  Time since last request: 11.052443 seconds.
  path: Assets/Original Wood Textures/Wood Texture 04/Wood Texture 04 normal.tga
  artifactKey: Guid(953d4f6c4e384434a997ab66210c822d) Importer(815301076,1909f56bfc062723c751e8b465ee728b)
Start importing Assets/Original Wood Textures/Wood Texture 04/Wood Texture 04 normal.tga using Guid(953d4f6c4e384434a997ab66210c822d) Importer(815301076,1909f56bfc062723c751e8b465ee728b)  -> (artifact id: 'f9d355108d594164b7e5d4ff40609098') in 0.123400 seconds 
========================================================================
Received Import Request.
  Time since last request: 7.089539 seconds.
  path: Assets/Original Wood Textures/Wood Texture 05/Wood Texture 05 normal.tga
  artifactKey: Guid(ccad681da3501284eb30bd9d0ea1b421) Importer(815301076,1909f56bfc062723c751e8b465ee728b)
Start importing Assets/Original Wood Textures/Wood Texture 05/Wood Texture 05 normal.tga using Guid(ccad681da3501284eb30bd9d0ea1b421) Importer(815301076,1909f56bfc062723c751e8b465ee728b)  -> (artifact id: '977fa2446d396f36fca41dd74e8ad6c6') in 0.131345 seconds 
========================================================================
Received Import Request.
  Time since last request: 8.606983 seconds.
  path: Assets/Original Wood Textures/Wood Texture 08/Wood Texture 08 normal.tga
  artifactKey: Guid(09eb39d878c1d8244a5a4f543a9112cb) Importer(815301076,1909f56bfc062723c751e8b465ee728b)
Start importing Assets/Original Wood Textures/Wood Texture 08/Wood Texture 08 normal.tga using Guid(09eb39d878c1d8244a5a4f543a9112cb) Importer(815301076,1909f56bfc062723c751e8b465ee728b)  -> (artifact id: 'ddfc315d8c6e1ada7dc62bbb5695018e') in 0.110191 seconds 
========================================================================
Received Import Request.
  Time since last request: 0.000060 seconds.
  path: Assets/Original Wood Textures/Wood Texture 08/Wood Texture 08.mat
  artifactKey: Guid(e717b0cd41e24164aa3c9f75ec9282be) Importer(815301076,1909f56bfc062723c751e8b465ee728b)
Start importing Assets/Original Wood Textures/Wood Texture 08/Wood Texture 08.mat using Guid(e717b0cd41e24164aa3c9f75ec9282be) Importer(815301076,1909f56bfc062723c751e8b465ee728b)  -> (artifact id: '5c4520e279e9ec3a0ee2051b4b103857') in 0.160177 seconds 
========================================================================
Received Import Request.
  Time since last request: 7.421505 seconds.
  path: Assets/Original Wood Textures/Wood Texture 09/Wood Texture 09 normal.tga
  artifactKey: Guid(ba20c94d07a7d944581b737e27dafa60) Importer(815301076,1909f56bfc062723c751e8b465ee728b)
Start importing Assets/Original Wood Textures/Wood Texture 09/Wood Texture 09 normal.tga using Guid(ba20c94d07a7d944581b737e27dafa60) Importer(815301076,1909f56bfc062723c751e8b465ee728b)  -> (artifact id: 'd2b9f12c4774de76c6d4d9eef25b5b02') in 0.108077 seconds 
========================================================================
Received Import Request.
  Time since last request: 5.951362 seconds.
  path: Assets/Original Wood Textures/Wood Texture 11/Wood Texture 11 normal.tga
  artifactKey: Guid(c35b9269897be2d41a3b65dfda2881b0) Importer(815301076,1909f56bfc062723c751e8b465ee728b)
Start importing Assets/Original Wood Textures/Wood Texture 11/Wood Texture 11 normal.tga using Guid(c35b9269897be2d41a3b65dfda2881b0) Importer(815301076,1909f56bfc062723c751e8b465ee728b)  -> (artifact id: '20880fcece49497c3631a8bb699f540f') in 0.110099 seconds 
========================================================================
Received Import Request.
  Time since last request: 3.322540 seconds.
  path: Assets/Original Wood Textures/Wood Texture 12/Wood Texture 12 normal.tga
  artifactKey: Guid(c0688b9c82071394ba88f7a02a2f4049) Importer(815301076,1909f56bfc062723c751e8b465ee728b)
Start importing Assets/Original Wood Textures/Wood Texture 12/Wood Texture 12 normal.tga using Guid(c0688b9c82071394ba88f7a02a2f4049) Importer(815301076,1909f56bfc062723c751e8b465ee728b)  -> (artifact id: '80a16c76d229b83655b3672fb104948b') in 0.091468 seconds 
========================================================================
Received Import Request.
  Time since last request: 0.000048 seconds.
  path: Assets/Original Wood Textures/Wood Texture 12/Wood Texture 12.mat
  artifactKey: Guid(c75e6289c2502a644a113f17d89ac433) Importer(815301076,1909f56bfc062723c751e8b465ee728b)
Start importing Assets/Original Wood Textures/Wood Texture 12/Wood Texture 12.mat using Guid(c75e6289c2502a644a113f17d89ac433) Importer(815301076,1909f56bfc062723c751e8b465ee728b)  -> (artifact id: '4af61bae1de21fa69370b865ef2c0414') in 0.161331 seconds 
========================================================================
Received Import Request.
  Time since last request: 2.604486 seconds.
  path: Assets/Original Wood Textures/Wood Texture 13/Wood Texture 13 normal.tga
  artifactKey: Guid(771d8a58ca9c77b47a5729697f97a50a) Importer(815301076,1909f56bfc062723c751e8b465ee728b)
Start importing Assets/Original Wood Textures/Wood Texture 13/Wood Texture 13 normal.tga using Guid(771d8a58ca9c77b47a5729697f97a50a) Importer(815301076,1909f56bfc062723c751e8b465ee728b)  -> (artifact id: '6044e12edee36f2a72465fff916503b2') in 0.097425 seconds 
========================================================================
Received Import Request.
  Time since last request: 0.000038 seconds.
  path: Assets/Original Wood Textures/Wood Texture 13/Wood Texture 13.mat
  artifactKey: Guid(1cedce7db56d8a24bacbf04e764ad74a) Importer(815301076,1909f56bfc062723c751e8b465ee728b)
Start importing Assets/Original Wood Textures/Wood Texture 13/Wood Texture 13.mat using Guid(1cedce7db56d8a24bacbf04e764ad74a) Importer(815301076,1909f56bfc062723c751e8b465ee728b)  -> (artifact id: '773671f00e11980c9f39b4c93aeffb2b') in 0.192516 seconds 
========================================================================
Received Import Request.
  Time since last request: 2.411737 seconds.
  path: Assets/Original Wood Textures/Wood Texture 14/Wood Texture 14 normal.tga
  artifactKey: Guid(7e0d5aa6aab8f444a99dc28f0a08956b) Importer(815301076,1909f56bfc062723c751e8b465ee728b)
Start importing Assets/Original Wood Textures/Wood Texture 14/Wood Texture 14 normal.tga using Guid(7e0d5aa6aab8f444a99dc28f0a08956b) Importer(815301076,1909f56bfc062723c751e8b465ee728b)  -> (artifact id: '42c23cd57d079f6ff01f7a90419b7e05') in 0.114241 seconds 
========================================================================
Received Import Request.
  Time since last request: 0.000050 seconds.
  path: Assets/Original Wood Textures/Wood Texture 14/Wood Texture 14.mat
  artifactKey: Guid(f03a6306859a0e2479fb8cc6d0553baf) Importer(815301076,1909f56bfc062723c751e8b465ee728b)
Start importing Assets/Original Wood Textures/Wood Texture 14/Wood Texture 14.mat using Guid(f03a6306859a0e2479fb8cc6d0553baf) Importer(815301076,1909f56bfc062723c751e8b465ee728b)  -> (artifact id: '0b5a8318cfff7bba3ae70c56eb6de838') in 0.233667 seconds 
========================================================================
Received Import Request.
  Time since last request: 5.117613 seconds.
  path: Assets/Original Wood Textures/Wood Texture 15/Wood Texture 15 normal.tga
  artifactKey: Guid(f9d084406c1055f49b3430a9cf909f3d) Importer(815301076,1909f56bfc062723c751e8b465ee728b)
Start importing Assets/Original Wood Textures/Wood Texture 15/Wood Texture 15 normal.tga using Guid(f9d084406c1055f49b3430a9cf909f3d) Importer(815301076,1909f56bfc062723c751e8b465ee728b)  -> (artifact id: 'dd2645da19ef94c4696122aa106aee9d') in 0.104793 seconds 
========================================================================
Received Import Request.
  Time since last request: 0.000066 seconds.
  path: Assets/Original Wood Textures/Wood Texture 15/Wood Texture 15.mat
  artifactKey: Guid(d64e6cad4dbba3049895ced83800f404) Importer(815301076,1909f56bfc062723c751e8b465ee728b)
Start importing Assets/Original Wood Textures/Wood Texture 15/Wood Texture 15.mat using Guid(d64e6cad4dbba3049895ced83800f404) Importer(815301076,1909f56bfc062723c751e8b465ee728b)  -> (artifact id: '23bc756e26b2a3cc0a91156977e9b3f3') in 0.159563 seconds 
========================================================================
Received Import Request.
  Time since last request: 56.928967 seconds.
  path: Assets/Original Wood Textures/Wood Texture 10/Wood Texture 10 normal.tga
  artifactKey: Guid(c2d07e1736af907429e37195314ef6c1) Importer(815301076,1909f56bfc062723c751e8b465ee728b)
Start importing Assets/Original Wood Textures/Wood Texture 10/Wood Texture 10 normal.tga using Guid(c2d07e1736af907429e37195314ef6c1) Importer(815301076,1909f56bfc062723c751e8b465ee728b)  -> (artifact id: '55c137256adda14531adda01428adc0a') in 0.130326 seconds 
========================================================================
Received Import Request.
  Time since last request: 156.326802 seconds.
  path: Assets/Material/Color/Blue.mat
  artifactKey: Guid(7b0ee83d5b144ce41bcc20a499207387) Importer(815301076,1909f56bfc062723c751e8b465ee728b)
Start importing Assets/Material/Color/Blue.mat using Guid(7b0ee83d5b144ce41bcc20a499207387) Importer(815301076,1909f56bfc062723c751e8b465ee728b)  -> (artifact id: 'f3278eb508cdbd2dc411e1aa33ce43eb') in 0.114642 seconds 
========================================================================
Received Import Request.
  Time since last request: 0.000044 seconds.
  path: Assets/Material/Color/Gray.mat
  artifactKey: Guid(23aed001723e03d428ac88c24937f4cb) Importer(815301076,1909f56bfc062723c751e8b465ee728b)
Start importing Assets/Material/Color/Gray.mat using Guid(23aed001723e03d428ac88c24937f4cb) Importer(815301076,1909f56bfc062723c751e8b465ee728b)  -> (artifact id: '8f83069e1e67647a008afe9347f28bdf') in 0.119437 seconds 
========================================================================
Received Prepare
Registering precompiled user dll's ...
Registered in 0.027442 seconds.
Begin MonoManager ReloadAssembly
Native extension for WindowsStandalone target not found
Native extension for Android target not found
Refreshing native plugins compatible for Editor in 3.96 ms, found 8 plugins.
Preloading 2 native plugins for Editor in 0.65 ms.
Mono: successfully reloaded assembly
- Completed reload, in  4.165 seconds
Domain Reload Profiling:
	ReloadAssembly (4167ms)
		BeginReloadAssembly (457ms)
			ExecutionOrderSort (0ms)
			DisableScriptedObjects (18ms)
			BackupInstance (0ms)
			ReleaseScriptingObjects (0ms)
			CreateAndSetChildDomain (168ms)
		EndReloadAssembly (3299ms)
			LoadAssemblies (308ms)
			RebuildTransferFunctionScriptingTraits (1ms)
			SetupTypeCache (956ms)
			ReleaseScriptCaches (5ms)
			RebuildScriptCaches (442ms)
			SetupLoadedEditorAssemblies (1287ms)
				LogAssemblyErrors (0ms)
				InitializePlatformSupportModulesInManaged (89ms)
				SetLoadedEditorAssemblies (2ms)
				RefreshPlugins (5ms)
				BeforeProcessingInitializeOnLoad (299ms)
				ProcessInitializeOnLoadAttributes (769ms)
				ProcessInitializeOnLoadMethodAttributes (99ms)
				AfterProcessingInitializeOnLoad (23ms)
				EditorAssembliesLoaded (1ms)
			ExecutionOrderSort2 (0ms)
			AwakeInstancesAfterBackupRestoration (19ms)
Platform modules already initialized, skipping
Shader 'Oculus/OVRMRCameraFrameLit': fallback shader 'Alpha-Diffuse' not found
Refreshing native plugins compatible for Editor in 24.16 ms, found 8 plugins.
Preloading 2 native plugins for Editor in 0.32 ms.
Unloading 3080 Unused Serialized files (Serialized files now loaded: 0)
Unloading 51 unused Assets / (113.4 KB). Loaded Objects now: 3680.
Memory consumption went from 140.8 MB to 140.7 MB.
Total: 10.466200 ms (FindLiveObjects: 0.320900 ms CreateObjectMapping: 0.188600 ms MarkObjects: 9.451300 ms  DeleteObjects: 0.499700 ms)

AssetImportParameters requested are different than current active one (requested -> active):
  custom:video-decoder-ogg-theora: a1e56fd34408186e4bbccfd4996cb3dc -> 
  custom:container-muxer-webm: aa71ff27fc2769a1b78a27578f13a17b -> 
  custom:container-demuxer-webm: 4f35f7cbe854078d1ac9338744f61a02 -> 
  custom:video-encoder-webm-vp8: eb34c28f22e8b96e1ab97ce403110664 -> 
  custom:video-codec-MediaFoundation-h265: 746d11721c4dcdbdad8f713fa42b33f4 -> 
  custom:audio-encoder-webm-vorbis: bf7c407c2cedff20999df2af8eb42d56 -> 
  custom:framework-win-MediaFoundation: 216162199b28c13a410421893ffa2e32 -> 
  custom:container-demuxer-ogg: 62fdf1f143b41e24485cea50d1cbac27 -> 
  custom:video-decoder-webm-vp8: 9c59270c3fd7afecdb556c50c9e8de78 -> 
  custom:audio-decoder-ogg-vorbis: bf7c407c2cedff20999df2af8eb42d56 -> 
========================================================================
Received Prepare
Registering precompiled user dll's ...
Registered in 0.022031 seconds.
Begin MonoManager ReloadAssembly
Native extension for WindowsStandalone target not found
Native extension for Android target not found
Refreshing native plugins compatible for Editor in 3.66 ms, found 8 plugins.
Preloading 2 native plugins for Editor in 0.24 ms.
Mono: successfully reloaded assembly
- Completed reload, in  5.832 seconds
Domain Reload Profiling:
	ReloadAssembly (5839ms)
		BeginReloadAssembly (1521ms)
			ExecutionOrderSort (0ms)
			DisableScriptedObjects (115ms)
			BackupInstance (0ms)
			ReleaseScriptingObjects (0ms)
			CreateAndSetChildDomain (775ms)
		EndReloadAssembly (3554ms)
			LoadAssemblies (501ms)
			RebuildTransferFunctionScriptingTraits (0ms)
			SetupTypeCache (1117ms)
			ReleaseScriptCaches (8ms)
			RebuildScriptCaches (404ms)
			SetupLoadedEditorAssemblies (1437ms)
				LogAssemblyErrors (0ms)
				InitializePlatformSupportModulesInManaged (73ms)
				SetLoadedEditorAssemblies (3ms)
				RefreshPlugins (4ms)
				BeforeProcessingInitializeOnLoad (399ms)
				ProcessInitializeOnLoadAttributes (825ms)
				ProcessInitializeOnLoadMethodAttributes (111ms)
				AfterProcessingInitializeOnLoad (22ms)
				EditorAssembliesLoaded (1ms)
			ExecutionOrderSort2 (0ms)
			AwakeInstancesAfterBackupRestoration (21ms)
Platform modules already initialized, skipping
Shader 'Oculus/OVRMRCameraFrameLit': fallback shader 'Alpha-Diffuse' not found
Refreshing native plugins compatible for Editor in 27.83 ms, found 8 plugins.
Preloading 2 native plugins for Editor in 0.36 ms.
Unloading 3080 Unused Serialized files (Serialized files now loaded: 0)
Unloading 51 unused Assets / (121.1 KB). Loaded Objects now: 3684.
Memory consumption went from 140.9 MB to 140.8 MB.
Total: 17.230700 ms (FindLiveObjects: 0.760500 ms CreateObjectMapping: 0.350000 ms MarkObjects: 15.619000 ms  DeleteObjects: 0.498800 ms)

AssetImportParameters requested are different than current active one (requested -> active):
  custom:video-decoder-ogg-theora: a1e56fd34408186e4bbccfd4996cb3dc -> 
  custom:container-muxer-webm: aa71ff27fc2769a1b78a27578f13a17b -> 
  custom:container-demuxer-webm: 4f35f7cbe854078d1ac9338744f61a02 -> 
  custom:video-encoder-webm-vp8: eb34c28f22e8b96e1ab97ce403110664 -> 
  custom:video-codec-MediaFoundation-h265: 746d11721c4dcdbdad8f713fa42b33f4 -> 
  custom:audio-encoder-webm-vorbis: bf7c407c2cedff20999df2af8eb42d56 -> 
  custom:framework-win-MediaFoundation: 216162199b28c13a410421893ffa2e32 -> 
  custom:container-demuxer-ogg: 62fdf1f143b41e24485cea50d1cbac27 -> 
  custom:video-decoder-webm-vp8: 9c59270c3fd7afecdb556c50c9e8de78 -> 
  custom:audio-decoder-ogg-vorbis: bf7c407c2cedff20999df2af8eb42d56 -> 
========================================================================
Received Prepare
Registering precompiled user dll's ...
Registered in 0.127032 seconds.
Begin MonoManager ReloadAssembly
Native extension for WindowsStandalone target not found
Native extension for Android target not found
Refreshing native plugins compatible for Editor in 2.94 ms, found 8 plugins.
Preloading 2 native plugins for Editor in 0.43 ms.
Mono: successfully reloaded assembly
- Completed reload, in  3.944 seconds
Domain Reload Profiling:
	ReloadAssembly (3947ms)
		BeginReloadAssembly (500ms)
			ExecutionOrderSort (0ms)
			DisableScriptedObjects (12ms)
			BackupInstance (0ms)
			ReleaseScriptingObjects (0ms)
			CreateAndSetChildDomain (172ms)
		EndReloadAssembly (3168ms)
			LoadAssemblies (391ms)
			RebuildTransferFunctionScriptingTraits (0ms)
			SetupTypeCache (839ms)
			ReleaseScriptCaches (5ms)
			RebuildScriptCaches (398ms)
			SetupLoadedEditorAssemblies (1256ms)
				LogAssemblyErrors (0ms)
				InitializePlatformSupportModulesInManaged (75ms)
				SetLoadedEditorAssemblies (1ms)
				RefreshPlugins (4ms)
				BeforeProcessingInitializeOnLoad (288ms)
				ProcessInitializeOnLoadAttributes (688ms)
				ProcessInitializeOnLoadMethodAttributes (181ms)
				AfterProcessingInitializeOnLoad (19ms)
				EditorAssembliesLoaded (1ms)
			ExecutionOrderSort2 (0ms)
			AwakeInstancesAfterBackupRestoration (24ms)
Platform modules already initialized, skipping
Shader 'Oculus/OVRMRCameraFrameLit': fallback shader 'Alpha-Diffuse' not found
Refreshing native plugins compatible for Editor in 30.68 ms, found 8 plugins.
Preloading 2 native plugins for Editor in 0.27 ms.
Unloading 3080 Unused Serialized files (Serialized files now loaded: 0)
Unloading 51 unused Assets / (113.3 KB). Loaded Objects now: 3688.
Memory consumption went from 140.9 MB to 140.8 MB.
Total: 5.278500 ms (FindLiveObjects: 0.417600 ms CreateObjectMapping: 0.213100 ms MarkObjects: 4.338100 ms  DeleteObjects: 0.307700 ms)

AssetImportParameters requested are different than current active one (requested -> active):
  custom:video-decoder-ogg-theora: a1e56fd34408186e4bbccfd4996cb3dc -> 
  custom:container-muxer-webm: aa71ff27fc2769a1b78a27578f13a17b -> 
  custom:container-demuxer-webm: 4f35f7cbe854078d1ac9338744f61a02 -> 
  custom:video-encoder-webm-vp8: eb34c28f22e8b96e1ab97ce403110664 -> 
  custom:video-codec-MediaFoundation-h265: 746d11721c4dcdbdad8f713fa42b33f4 -> 
  custom:audio-encoder-webm-vorbis: bf7c407c2cedff20999df2af8eb42d56 -> 
  custom:framework-win-MediaFoundation: 216162199b28c13a410421893ffa2e32 -> 
  custom:container-demuxer-ogg: 62fdf1f143b41e24485cea50d1cbac27 -> 
  custom:video-decoder-webm-vp8: 9c59270c3fd7afecdb556c50c9e8de78 -> 
  custom:audio-decoder-ogg-vorbis: bf7c407c2cedff20999df2af8eb42d56 -> 
========================================================================
Received Prepare
Registering precompiled user dll's ...
Registered in 0.022017 seconds.
Begin MonoManager ReloadAssembly
Native extension for WindowsStandalone target not found
Native extension for Android target not found
Refreshing native plugins compatible for Editor in 2.96 ms, found 8 plugins.
Preloading 2 native plugins for Editor in 0.38 ms.
Mono: successfully reloaded assembly
- Completed reload, in  4.685 seconds
Domain Reload Profiling:
	ReloadAssembly (4688ms)
		BeginReloadAssembly (601ms)
			ExecutionOrderSort (0ms)
			DisableScriptedObjects (33ms)
			BackupInstance (0ms)
			ReleaseScriptingObjects (0ms)
			CreateAndSetChildDomain (159ms)
		EndReloadAssembly (3659ms)
			LoadAssemblies (395ms)
			RebuildTransferFunctionScriptingTraits (0ms)
			SetupTypeCache (1322ms)
			ReleaseScriptCaches (5ms)
			RebuildScriptCaches (431ms)
			SetupLoadedEditorAssemblies (1178ms)
				LogAssemblyErrors (0ms)
				InitializePlatformSupportModulesInManaged (108ms)
				SetLoadedEditorAssemblies (2ms)
				RefreshPlugins (4ms)
				BeforeProcessingInitializeOnLoad (248ms)
				ProcessInitializeOnLoadAttributes (673ms)
				ProcessInitializeOnLoadMethodAttributes (110ms)
				AfterProcessingInitializeOnLoad (31ms)
				EditorAssembliesLoaded (1ms)
			ExecutionOrderSort2 (0ms)
			AwakeInstancesAfterBackupRestoration (21ms)
Platform modules already initialized, skipping
Shader 'Oculus/OVRMRCameraFrameLit': fallback shader 'Alpha-Diffuse' not found
Refreshing native plugins compatible for Editor in 19.77 ms, found 8 plugins.
Preloading 2 native plugins for Editor in 0.16 ms.
Unloading 3081 Unused Serialized files (Serialized files now loaded: 0)
Unloading 51 unused Assets / (113.2 KB). Loaded Objects now: 3693.
Memory consumption went from 141.0 MB to 140.9 MB.
Total: 7.591600 ms (FindLiveObjects: 0.428400 ms CreateObjectMapping: 0.205900 ms MarkObjects: 6.650300 ms  DeleteObjects: 0.305100 ms)

AssetImportParameters requested are different than current active one (requested -> active):
  custom:video-decoder-ogg-theora: a1e56fd34408186e4bbccfd4996cb3dc -> 
  custom:container-muxer-webm: aa71ff27fc2769a1b78a27578f13a17b -> 
  custom:container-demuxer-webm: 4f35f7cbe854078d1ac9338744f61a02 -> 
  custom:video-encoder-webm-vp8: eb34c28f22e8b96e1ab97ce403110664 -> 
  custom:video-codec-MediaFoundation-h265: 746d11721c4dcdbdad8f713fa42b33f4 -> 
  custom:audio-encoder-webm-vorbis: bf7c407c2cedff20999df2af8eb42d56 -> 
  custom:framework-win-MediaFoundation: 216162199b28c13a410421893ffa2e32 -> 
  custom:container-demuxer-ogg: 62fdf1f143b41e24485cea50d1cbac27 -> 
  custom:video-decoder-webm-vp8: 9c59270c3fd7afecdb556c50c9e8de78 -> 
  custom:audio-decoder-ogg-vorbis: bf7c407c2cedff20999df2af8eb42d56 -> 
========================================================================
Received Prepare
Registering precompiled user dll's ...
Registered in 0.015215 seconds.
Begin MonoManager ReloadAssembly
Native extension for WindowsStandalone target not found
Native extension for Android target not found
Refreshing native plugins compatible for Editor in 4.97 ms, found 8 plugins.
Preloading 2 native plugins for Editor in 0.43 ms.
Mono: successfully reloaded assembly
- Completed reload, in  4.067 seconds
Domain Reload Profiling:
	ReloadAssembly (4069ms)
		BeginReloadAssembly (425ms)
			ExecutionOrderSort (0ms)
			DisableScriptedObjects (18ms)
			BackupInstance (0ms)
			ReleaseScriptingObjects (0ms)
			CreateAndSetChildDomain (99ms)
		EndReloadAssembly (3241ms)
			LoadAssemblies (284ms)
			RebuildTransferFunctionScriptingTraits (0ms)
			SetupTypeCache (1035ms)
			ReleaseScriptCaches (7ms)
			RebuildScriptCaches (415ms)
			SetupLoadedEditorAssemblies (1212ms)
				LogAssemblyErrors (0ms)
				InitializePlatformSupportModulesInManaged (74ms)
				SetLoadedEditorAssemblies (2ms)
				RefreshPlugins (6ms)
				BeforeProcessingInitializeOnLoad (313ms)
				ProcessInitializeOnLoadAttributes (679ms)
				ProcessInitializeOnLoadMethodAttributes (112ms)
				AfterProcessingInitializeOnLoad (26ms)
				EditorAssembliesLoaded (1ms)
			ExecutionOrderSort2 (0ms)
			AwakeInstancesAfterBackupRestoration (18ms)
Platform modules already initialized, skipping
Shader 'Oculus/OVRMRCameraFrameLit': fallback shader 'Alpha-Diffuse' not found
Refreshing native plugins compatible for Editor in 19.72 ms, found 8 plugins.
Preloading 2 native plugins for Editor in 0.29 ms.
Unloading 3081 Unused Serialized files (Serialized files now loaded: 0)
Unloading 51 unused Assets / (113.4 KB). Loaded Objects now: 3697.
Memory consumption went from 141.0 MB to 140.9 MB.
Total: 8.113400 ms (FindLiveObjects: 0.504000 ms CreateObjectMapping: 0.245600 ms MarkObjects: 7.018300 ms  DeleteObjects: 0.342600 ms)

AssetImportParameters requested are different than current active one (requested -> active):
  custom:video-decoder-ogg-theora: a1e56fd34408186e4bbccfd4996cb3dc -> 
  custom:container-muxer-webm: aa71ff27fc2769a1b78a27578f13a17b -> 
  custom:container-demuxer-webm: 4f35f7cbe854078d1ac9338744f61a02 -> 
  custom:video-encoder-webm-vp8: eb34c28f22e8b96e1ab97ce403110664 -> 
  custom:video-codec-MediaFoundation-h265: 746d11721c4dcdbdad8f713fa42b33f4 -> 
  custom:audio-encoder-webm-vorbis: bf7c407c2cedff20999df2af8eb42d56 -> 
  custom:framework-win-MediaFoundation: 216162199b28c13a410421893ffa2e32 -> 
  custom:container-demuxer-ogg: 62fdf1f143b41e24485cea50d1cbac27 -> 
  custom:video-decoder-webm-vp8: 9c59270c3fd7afecdb556c50c9e8de78 -> 
  custom:audio-decoder-ogg-vorbis: bf7c407c2cedff20999df2af8eb42d56 -> 
========================================================================
Received Prepare
Registering precompiled user dll's ...
Registered in 0.018462 seconds.
Begin MonoManager ReloadAssembly
Native extension for WindowsStandalone target not found
Native extension for Android target not found
Refreshing native plugins compatible for Editor in 2.78 ms, found 8 plugins.
Preloading 2 native plugins for Editor in 0.33 ms.
Mono: successfully reloaded assembly
- Completed reload, in  4.107 seconds
Domain Reload Profiling:
	ReloadAssembly (4109ms)
		BeginReloadAssembly (482ms)
			ExecutionOrderSort (0ms)
			DisableScriptedObjects (19ms)
			BackupInstance (0ms)
			ReleaseScriptingObjects (0ms)
			CreateAndSetChildDomain (108ms)
		EndReloadAssembly (3249ms)
			LoadAssemblies (301ms)
			RebuildTransferFunctionScriptingTraits (0ms)
			SetupTypeCache (941ms)
			ReleaseScriptCaches (5ms)
			RebuildScriptCaches (427ms)
			SetupLoadedEditorAssemblies (1290ms)
				LogAssemblyErrors (0ms)
				InitializePlatformSupportModulesInManaged (89ms)
				SetLoadedEditorAssemblies (2ms)
				RefreshPlugins (3ms)
				BeforeProcessingInitializeOnLoad (324ms)
				ProcessInitializeOnLoadAttributes (742ms)
				ProcessInitializeOnLoadMethodAttributes (107ms)
				AfterProcessingInitializeOnLoad (21ms)
				EditorAssembliesLoaded (1ms)
			ExecutionOrderSort2 (0ms)
			AwakeInstancesAfterBackupRestoration (26ms)
Platform modules already initialized, skipping
Shader 'Oculus/OVRMRCameraFrameLit': fallback shader 'Alpha-Diffuse' not found
Refreshing native plugins compatible for Editor in 16.40 ms, found 8 plugins.
Preloading 2 native plugins for Editor in 0.19 ms.
Unloading 3081 Unused Serialized files (Serialized files now loaded: 0)
Unloading 51 unused Assets / (113.4 KB). Loaded Objects now: 3701.
Memory consumption went from 141.0 MB to 140.9 MB.
Total: 7.422200 ms (FindLiveObjects: 0.438500 ms CreateObjectMapping: 0.196300 ms MarkObjects: 6.456300 ms  DeleteObjects: 0.328700 ms)

AssetImportParameters requested are different than current active one (requested -> active):
  custom:video-decoder-ogg-theora: a1e56fd34408186e4bbccfd4996cb3dc -> 
  custom:container-muxer-webm: aa71ff27fc2769a1b78a27578f13a17b -> 
  custom:container-demuxer-webm: 4f35f7cbe854078d1ac9338744f61a02 -> 
  custom:video-encoder-webm-vp8: eb34c28f22e8b96e1ab97ce403110664 -> 
  custom:video-codec-MediaFoundation-h265: 746d11721c4dcdbdad8f713fa42b33f4 -> 
  custom:audio-encoder-webm-vorbis: bf7c407c2cedff20999df2af8eb42d56 -> 
  custom:framework-win-MediaFoundation: 216162199b28c13a410421893ffa2e32 -> 
  custom:container-demuxer-ogg: 62fdf1f143b41e24485cea50d1cbac27 -> 
  custom:video-decoder-webm-vp8: 9c59270c3fd7afecdb556c50c9e8de78 -> 
  custom:audio-decoder-ogg-vorbis: bf7c407c2cedff20999df2af8eb42d56 -> 
========================================================================
Received Prepare
Registering precompiled user dll's ...
Registered in 0.023732 seconds.
Begin MonoManager ReloadAssembly
Native extension for WindowsStandalone target not found
Native extension for Android target not found
Refreshing native plugins compatible for Editor in 4.25 ms, found 8 plugins.
Preloading 2 native plugins for Editor in 0.51 ms.
Mono: successfully reloaded assembly
- Completed reload, in  4.117 seconds
Domain Reload Profiling:
	ReloadAssembly (4119ms)
		BeginReloadAssembly (443ms)
			ExecutionOrderSort (0ms)
			DisableScriptedObjects (12ms)
			BackupInstance (0ms)
			ReleaseScriptingObjects (0ms)
			CreateAndSetChildDomain (92ms)
		EndReloadAssembly (3288ms)
			LoadAssemblies (294ms)
			RebuildTransferFunctionScriptingTraits (0ms)
			SetupTypeCache (996ms)
			ReleaseScriptCaches (7ms)
			RebuildScriptCaches (399ms)
			SetupLoadedEditorAssemblies (1319ms)
				LogAssemblyErrors (0ms)
				InitializePlatformSupportModulesInManaged (93ms)
				SetLoadedEditorAssemblies (2ms)
				RefreshPlugins (5ms)
				BeforeProcessingInitializeOnLoad (318ms)
				ProcessInitializeOnLoadAttributes (762ms)
				ProcessInitializeOnLoadMethodAttributes (106ms)
				AfterProcessingInitializeOnLoad (32ms)
				EditorAssembliesLoaded (1ms)
			ExecutionOrderSort2 (0ms)
			AwakeInstancesAfterBackupRestoration (19ms)
Platform modules already initialized, skipping
Shader 'Oculus/OVRMRCameraFrameLit': fallback shader 'Alpha-Diffuse' not found
Refreshing native plugins compatible for Editor in 19.02 ms, found 8 plugins.
Preloading 2 native plugins for Editor in 0.35 ms.
Unloading 3081 Unused Serialized files (Serialized files now loaded: 0)
Unloading 51 unused Assets / (121.0 KB). Loaded Objects now: 3705.
Memory consumption went from 141.0 MB to 140.9 MB.
Total: 7.412200 ms (FindLiveObjects: 0.648700 ms CreateObjectMapping: 0.215700 ms MarkObjects: 6.363600 ms  DeleteObjects: 0.181400 ms)

AssetImportParameters requested are different than current active one (requested -> active):
  custom:video-decoder-ogg-theora: a1e56fd34408186e4bbccfd4996cb3dc -> 
  custom:container-muxer-webm: aa71ff27fc2769a1b78a27578f13a17b -> 
  custom:container-demuxer-webm: 4f35f7cbe854078d1ac9338744f61a02 -> 
  custom:video-encoder-webm-vp8: eb34c28f22e8b96e1ab97ce403110664 -> 
  custom:video-codec-MediaFoundation-h265: 746d11721c4dcdbdad8f713fa42b33f4 -> 
  custom:audio-encoder-webm-vorbis: bf7c407c2cedff20999df2af8eb42d56 -> 
  custom:framework-win-MediaFoundation: 216162199b28c13a410421893ffa2e32 -> 
  custom:container-demuxer-ogg: 62fdf1f143b41e24485cea50d1cbac27 -> 
  custom:video-decoder-webm-vp8: 9c59270c3fd7afecdb556c50c9e8de78 -> 
  custom:audio-decoder-ogg-vorbis: bf7c407c2cedff20999df2af8eb42d56 -> 
========================================================================
Received Prepare
Registering precompiled user dll's ...
Registered in 0.026935 seconds.
Begin MonoManager ReloadAssembly
Native extension for WindowsStandalone target not found
Native extension for Android target not found
Refreshing native plugins compatible for Editor in 2.91 ms, found 8 plugins.
Preloading 2 native plugins for Editor in 0.39 ms.
Mono: successfully reloaded assembly
- Completed reload, in  4.212 seconds
Domain Reload Profiling:
	ReloadAssembly (4215ms)
		BeginReloadAssembly (462ms)
			ExecutionOrderSort (0ms)
			DisableScriptedObjects (18ms)
			BackupInstance (0ms)
			ReleaseScriptingObjects (0ms)
			CreateAndSetChildDomain (104ms)
		EndReloadAssembly (3350ms)
			LoadAssemblies (292ms)
			RebuildTransferFunctionScriptingTraits (0ms)
			SetupTypeCache (984ms)
			ReleaseScriptCaches (7ms)
			RebuildScriptCaches (446ms)
			SetupLoadedEditorAssemblies (1350ms)
				LogAssemblyErrors (0ms)
				InitializePlatformSupportModulesInManaged (74ms)
				SetLoadedEditorAssemblies (2ms)
				RefreshPlugins (3ms)
				BeforeProcessingInitializeOnLoad (343ms)
				ProcessInitializeOnLoadAttributes (784ms)
				ProcessInitializeOnLoadMethodAttributes (121ms)
				AfterProcessingInitializeOnLoad (22ms)
				EditorAssembliesLoaded (1ms)
			ExecutionOrderSort2 (0ms)
			AwakeInstancesAfterBackupRestoration (23ms)
Platform modules already initialized, skipping
Shader 'Oculus/OVRMRCameraFrameLit': fallback shader 'Alpha-Diffuse' not found
Refreshing native plugins compatible for Editor in 19.90 ms, found 8 plugins.
Preloading 2 native plugins for Editor in 0.68 ms.
Unloading 3082 Unused Serialized files (Serialized files now loaded: 0)
Unloading 51 unused Assets / (121.1 KB). Loaded Objects now: 3710.
Memory consumption went from 141.1 MB to 140.9 MB.
Total: 8.011400 ms (FindLiveObjects: 0.458100 ms CreateObjectMapping: 0.250900 ms MarkObjects: 6.834600 ms  DeleteObjects: 0.465100 ms)

AssetImportParameters requested are different than current active one (requested -> active):
  custom:video-decoder-ogg-theora: a1e56fd34408186e4bbccfd4996cb3dc -> 
  custom:container-muxer-webm: aa71ff27fc2769a1b78a27578f13a17b -> 
  custom:container-demuxer-webm: 4f35f7cbe854078d1ac9338744f61a02 -> 
  custom:video-encoder-webm-vp8: eb34c28f22e8b96e1ab97ce403110664 -> 
  custom:video-codec-MediaFoundation-h265: 746d11721c4dcdbdad8f713fa42b33f4 -> 
  custom:audio-encoder-webm-vorbis: bf7c407c2cedff20999df2af8eb42d56 -> 
  custom:framework-win-MediaFoundation: 216162199b28c13a410421893ffa2e32 -> 
  custom:container-demuxer-ogg: 62fdf1f143b41e24485cea50d1cbac27 -> 
  custom:video-decoder-webm-vp8: 9c59270c3fd7afecdb556c50c9e8de78 -> 
  custom:audio-decoder-ogg-vorbis: bf7c407c2cedff20999df2af8eb42d56 -> 
========================================================================
Received Prepare
Registering precompiled user dll's ...
Registered in 0.018572 seconds.
Begin MonoManager ReloadAssembly
Native extension for WindowsStandalone target not found
Native extension for Android target not found
Refreshing native plugins compatible for Editor in 1.97 ms, found 8 plugins.
Preloading 2 native plugins for Editor in 0.21 ms.
Mono: successfully reloaded assembly
- Completed reload, in  4.031 seconds
Domain Reload Profiling:
	ReloadAssembly (4033ms)
		BeginReloadAssembly (419ms)
			ExecutionOrderSort (0ms)
			DisableScriptedObjects (18ms)
			BackupInstance (0ms)
			ReleaseScriptingObjects (0ms)
			CreateAndSetChildDomain (93ms)
		EndReloadAssembly (3219ms)
			LoadAssemblies (284ms)
			RebuildTransferFunctionScriptingTraits (0ms)
			SetupTypeCache (967ms)
			ReleaseScriptCaches (7ms)
			RebuildScriptCaches (401ms)
			SetupLoadedEditorAssemblies (1266ms)
				LogAssemblyErrors (0ms)
				InitializePlatformSupportModulesInManaged (76ms)
				SetLoadedEditorAssemblies (2ms)
				RefreshPlugins (2ms)
				BeforeProcessingInitializeOnLoad (301ms)
				ProcessInitializeOnLoadAttributes (743ms)
				ProcessInitializeOnLoadMethodAttributes (119ms)
				AfterProcessingInitializeOnLoad (21ms)
				EditorAssembliesLoaded (1ms)
			ExecutionOrderSort2 (0ms)
			AwakeInstancesAfterBackupRestoration (17ms)
Platform modules already initialized, skipping
Shader 'Oculus/OVRMRCameraFrameLit': fallback shader 'Alpha-Diffuse' not found
Refreshing native plugins compatible for Editor in 24.42 ms, found 8 plugins.
Preloading 2 native plugins for Editor in 0.29 ms.
Unloading 3082 Unused Serialized files (Serialized files now loaded: 0)
Unloading 51 unused Assets / (121.1 KB). Loaded Objects now: 3714.
Memory consumption went from 141.1 MB to 140.9 MB.
Total: 8.286700 ms (FindLiveObjects: 0.441200 ms CreateObjectMapping: 0.228200 ms MarkObjects: 7.289000 ms  DeleteObjects: 0.326000 ms)

AssetImportParameters requested are different than current active one (requested -> active):
  custom:video-decoder-ogg-theora: a1e56fd34408186e4bbccfd4996cb3dc -> 
  custom:container-muxer-webm: aa71ff27fc2769a1b78a27578f13a17b -> 
  custom:container-demuxer-webm: 4f35f7cbe854078d1ac9338744f61a02 -> 
  custom:video-encoder-webm-vp8: eb34c28f22e8b96e1ab97ce403110664 -> 
  custom:video-codec-MediaFoundation-h265: 746d11721c4dcdbdad8f713fa42b33f4 -> 
  custom:audio-encoder-webm-vorbis: bf7c407c2cedff20999df2af8eb42d56 -> 
  custom:framework-win-MediaFoundation: 216162199b28c13a410421893ffa2e32 -> 
  custom:container-demuxer-ogg: 62fdf1f143b41e24485cea50d1cbac27 -> 
  custom:video-decoder-webm-vp8: 9c59270c3fd7afecdb556c50c9e8de78 -> 
  custom:audio-decoder-ogg-vorbis: bf7c407c2cedff20999df2af8eb42d56 -> 
========================================================================
Received Prepare
Registering precompiled user dll's ...
Registered in 0.026603 seconds.
Begin MonoManager ReloadAssembly
Native extension for WindowsStandalone target not found
Native extension for Android target not found
Refreshing native plugins compatible for Editor in 2.43 ms, found 8 plugins.
Preloading 2 native plugins for Editor in 0.47 ms.
Mono: successfully reloaded assembly
- Completed reload, in  4.039 seconds
Domain Reload Profiling:
	ReloadAssembly (4042ms)
		BeginReloadAssembly (473ms)
			ExecutionOrderSort (0ms)
			DisableScriptedObjects (18ms)
			BackupInstance (0ms)
			ReleaseScriptingObjects (0ms)
			CreateAndSetChildDomain (116ms)
		EndReloadAssembly (3193ms)
			LoadAssemblies (292ms)
			RebuildTransferFunctionScriptingTraits (0ms)
			SetupTypeCache (971ms)
			ReleaseScriptCaches (5ms)
			RebuildScriptCaches (399ms)
			SetupLoadedEditorAssemblies (1274ms)
				LogAssemblyErrors (0ms)
				InitializePlatformSupportModulesInManaged (69ms)
				SetLoadedEditorAssemblies (1ms)
				RefreshPlugins (3ms)
				BeforeProcessingInitializeOnLoad (293ms)
				ProcessInitializeOnLoadAttributes (779ms)
				ProcessInitializeOnLoadMethodAttributes (106ms)
				AfterProcessingInitializeOnLoad (23ms)
				EditorAssembliesLoaded (1ms)
			ExecutionOrderSort2 (0ms)
			AwakeInstancesAfterBackupRestoration (19ms)
Platform modules already initialized, skipping
Shader 'Oculus/OVRMRCameraFrameLit': fallback shader 'Alpha-Diffuse' not found
Refreshing native plugins compatible for Editor in 16.20 ms, found 8 plugins.
Preloading 2 native plugins for Editor in 0.27 ms.
Unloading 3082 Unused Serialized files (Serialized files now loaded: 0)
Unloading 51 unused Assets / (113.4 KB). Loaded Objects now: 3718.
Memory consumption went from 141.1 MB to 141.0 MB.
Total: 7.713700 ms (FindLiveObjects: 0.457800 ms CreateObjectMapping: 0.305300 ms MarkObjects: 6.602300 ms  DeleteObjects: 0.345400 ms)

AssetImportParameters requested are different than current active one (requested -> active):
  custom:video-decoder-ogg-theora: a1e56fd34408186e4bbccfd4996cb3dc -> 
  custom:container-muxer-webm: aa71ff27fc2769a1b78a27578f13a17b -> 
  custom:container-demuxer-webm: 4f35f7cbe854078d1ac9338744f61a02 -> 
  custom:video-encoder-webm-vp8: eb34c28f22e8b96e1ab97ce403110664 -> 
  custom:video-codec-MediaFoundation-h265: 746d11721c4dcdbdad8f713fa42b33f4 -> 
  custom:audio-encoder-webm-vorbis: bf7c407c2cedff20999df2af8eb42d56 -> 
  custom:framework-win-MediaFoundation: 216162199b28c13a410421893ffa2e32 -> 
  custom:container-demuxer-ogg: 62fdf1f143b41e24485cea50d1cbac27 -> 
  custom:video-decoder-webm-vp8: 9c59270c3fd7afecdb556c50c9e8de78 -> 
  custom:audio-decoder-ogg-vorbis: bf7c407c2cedff20999df2af8eb42d56 -> 
